[2020-07-23 19:15:00,240: INFO/MainProcess] Connected to redis://localhost:6379//
[2020-07-23 19:15:00,247: INFO/MainProcess] mingle: searching for neighbors
[2020-07-23 19:15:01,250: INFO/MainProcess] mingle: all alone
[2020-07-23 19:15:01,257: INFO/MainProcess] celery@rouger-nix ready.
[2020-07-23 19:15:01,406: INFO/MainProcess] Received task: populate_petitions_task[f84169bb-15a9-48d4-a1b6-748bfdc6af0e]  
[2020-07-23 19:15:01,408: INFO/MainProcess] populate_petitions_task[f84169bb-15a9-48d4-a1b6-748bfdc6af0e]: running task: populate_petitions_task, args: ()
[2020-07-23 19:15:02,477: WARNING/MainProcess] aync fetched ID: 316732
[2020-07-23 19:15:02,488: WARNING/MainProcess] aync fetched ID: 310329
[2020-07-23 19:15:02,531: WARNING/MainProcess] aync fetched ID: 318115
[2020-07-23 19:15:02,537: WARNING/MainProcess] aync fetched ID: 303451
[2020-07-23 19:15:02,541: WARNING/MainProcess] aync fetched ID: 303386
[2020-07-23 19:15:02,559: WARNING/MainProcess] aync fetched ID: 327217
[2020-07-23 19:15:02,568: WARNING/MainProcess] aync fetched ID: 325616
[2020-07-23 19:15:02,598: WARNING/MainProcess] aync fetched ID: 303195
[2020-07-23 19:15:02,633: WARNING/MainProcess] aync fetched ID: 301344
[2020-07-23 19:15:02,638: WARNING/MainProcess] aync fetched ID: 313929
[2020-07-23 19:15:02,691: WARNING/MainProcess] aync fetched ID: 300528
[2020-07-23 19:15:02,698: WARNING/MainProcess] aync fetched ID: 324117
[2020-07-23 19:15:02,700: WARNING/MainProcess] aync fetched ID: 318432
[2020-07-23 19:15:02,709: WARNING/MainProcess] aync fetched ID: 301354
[2020-07-23 19:15:02,712: WARNING/MainProcess] aync fetched ID: 300410
[2020-07-23 19:15:02,719: WARNING/MainProcess] aync fetched ID: 300336
[2020-07-23 19:15:02,739: WARNING/MainProcess] aync fetched ID: 310556
[2020-07-23 19:15:02,748: WARNING/MainProcess] aync fetched ID: 307753
[2020-07-23 19:15:02,758: WARNING/MainProcess] aync fetched ID: 306655
[2020-07-23 19:15:02,767: WARNING/MainProcess] aync fetched ID: 317464
[2020-07-23 19:15:02,789: WARNING/MainProcess] aync fetched ID: 301940
[2020-07-23 19:15:02,790: WARNING/MainProcess] aync fetched ID: 327376
[2020-07-23 19:15:02,793: WARNING/MainProcess] aync fetched ID: 308960
[2020-07-23 19:15:02,801: WARNING/MainProcess] aync fetched ID: 303705
[2020-07-23 19:15:02,850: WARNING/MainProcess] aync fetched ID: 315748
[2020-07-23 19:15:02,850: WARNING/MainProcess] aync fetched ID: 301397
[2020-07-23 19:15:02,863: WARNING/MainProcess] aync fetched ID: 300074
[2020-07-23 19:15:02,871: WARNING/MainProcess] aync fetched ID: 317189
[2020-07-23 19:15:02,871: WARNING/MainProcess] aync fetched ID: 315299
[2020-07-23 19:15:02,928: WARNING/MainProcess] aync fetched ID: 331511
[2020-07-23 19:15:02,951: WARNING/MainProcess] aync fetched ID: 300055
[2020-07-23 19:15:02,952: WARNING/MainProcess] aync fetched ID: 300957
[2020-07-23 19:15:02,969: WARNING/MainProcess] aync fetched ID: 312107
[2020-07-23 19:15:03,002: WARNING/MainProcess] aync fetched ID: 303376
[2020-07-23 19:15:03,022: WARNING/MainProcess] aync fetched ID: 318568
[2020-07-23 19:15:03,035: WARNING/MainProcess] aync fetched ID: 318696
[2020-07-23 19:15:03,111: WARNING/MainProcess] aync fetched ID: 302267
[2020-07-23 19:15:03,121: WARNING/MainProcess] aync fetched ID: 302242
[2020-07-23 19:15:03,121: WARNING/MainProcess] aync fetched ID: 300309
[2020-07-23 19:15:03,125: WARNING/MainProcess] aync fetched ID: 302897
[2020-07-23 19:15:03,137: WARNING/MainProcess] aync fetched ID: 312850
[2020-07-23 19:15:03,140: WARNING/MainProcess] aync fetched ID: 301394
[2020-07-23 19:15:03,158: WARNING/MainProcess] aync fetched ID: 300039
[2020-07-23 19:15:03,172: WARNING/MainProcess] aync fetched ID: 314487
[2020-07-23 19:15:03,178: WARNING/MainProcess] aync fetched ID: 307339
[2020-07-23 19:15:03,179: WARNING/MainProcess] aync fetched ID: 311296
[2020-07-23 19:15:03,199: WARNING/MainProcess] aync fetched ID: 315912
[2020-07-23 19:15:03,210: WARNING/MainProcess] aync fetched ID: 327602
[2020-07-23 19:15:03,239: WARNING/MainProcess] aync fetched ID: 310930
[2020-07-23 19:15:03,239: WARNING/MainProcess] aync fetched ID: 308229
[2020-07-23 19:15:03,249: WARNING/MainProcess] aync fetched ID: 302485
[2020-07-23 19:15:03,268: WARNING/MainProcess] aync fetched ID: 322078
[2020-07-23 19:15:03,287: WARNING/MainProcess] aync fetched ID: 312500
[2020-07-23 19:15:03,291: WARNING/MainProcess] aync fetched ID: 317933
[2020-07-23 19:15:03,306: WARNING/MainProcess] aync fetched ID: 310205
[2020-07-23 19:15:03,348: WARNING/MainProcess] aync fetched ID: 300243
[2020-07-23 19:15:03,370: WARNING/MainProcess] aync fetched ID: 304695
[2020-07-23 19:15:03,380: WARNING/MainProcess] aync fetched ID: 301188
[2020-07-23 19:15:03,402: WARNING/MainProcess] aync fetched ID: 320772
[2020-07-23 19:15:03,403: WARNING/MainProcess] aync fetched ID: 300259
[2020-07-23 19:15:03,443: WARNING/MainProcess] aync fetched ID: 307909
[2020-07-23 19:15:03,458: WARNING/MainProcess] aync fetched ID: 306862
[2020-07-23 19:15:03,459: WARNING/MainProcess] aync fetched ID: 300171
[2020-07-23 19:15:03,467: WARNING/MainProcess] aync fetched ID: 303625
[2020-07-23 19:15:03,478: WARNING/MainProcess] aync fetched ID: 311080
[2020-07-23 19:15:03,481: WARNING/MainProcess] aync fetched ID: 308614
[2020-07-23 19:15:03,487: WARNING/MainProcess] aync fetched ID: 318390
[2020-07-23 19:15:03,538: WARNING/MainProcess] aync fetched ID: 312023
[2020-07-23 19:15:03,544: WARNING/MainProcess] aync fetched ID: 305425
[2020-07-23 19:15:03,550: WARNING/MainProcess] aync fetched ID: 312269
[2020-07-23 19:15:03,556: WARNING/MainProcess] aync fetched ID: 307778
[2020-07-23 19:15:03,559: WARNING/MainProcess] aync fetched ID: 301120
[2020-07-23 19:15:03,573: WARNING/MainProcess] aync fetched ID: 315877
[2020-07-23 19:15:03,577: WARNING/MainProcess] aync fetched ID: 310801
[2020-07-23 19:15:03,622: WARNING/MainProcess] aync fetched ID: 314882
[2020-07-23 19:15:03,638: WARNING/MainProcess] aync fetched ID: 316909
[2020-07-23 19:15:03,640: WARNING/MainProcess] aync fetched ID: 306005
[2020-07-23 19:15:03,672: WARNING/MainProcess] aync fetched ID: 300015
[2020-07-23 19:15:03,687: WARNING/MainProcess] aync fetched ID: 315391
[2020-07-23 19:15:03,687: WARNING/MainProcess] aync fetched ID: 310809
[2020-07-23 19:15:03,699: WARNING/MainProcess] aync fetched ID: 311738
[2020-07-23 19:15:03,755: WARNING/MainProcess] aync fetched ID: 319333
[2020-07-23 19:15:03,763: WARNING/MainProcess] aync fetched ID: 301343
[2020-07-23 19:15:03,765: WARNING/MainProcess] aync fetched ID: 300079
[2020-07-23 19:15:03,766: WARNING/MainProcess] aync fetched ID: 304855
[2020-07-23 19:15:03,769: WARNING/MainProcess] aync fetched ID: 301328
[2020-07-23 19:15:03,770: WARNING/MainProcess] aync fetched ID: 306433
[2020-07-23 19:15:03,778: WARNING/MainProcess] aync fetched ID: 309558
[2020-07-23 19:15:03,831: WARNING/MainProcess] aync fetched ID: 302805
[2020-07-23 19:15:03,847: WARNING/MainProcess] aync fetched ID: 301619
[2020-07-23 19:15:03,850: WARNING/MainProcess] aync fetched ID: 300798
[2020-07-23 19:15:03,887: WARNING/MainProcess] aync fetched ID: 304397
[2020-07-23 19:15:03,890: WARNING/MainProcess] aync fetched ID: 300464
[2020-07-23 19:15:03,902: WARNING/MainProcess] aync fetched ID: 300471
[2020-07-23 19:15:03,921: WARNING/MainProcess] aync fetched ID: 300019
[2020-07-23 19:15:03,921: WARNING/MainProcess] aync fetched ID: 318815
[2020-07-23 19:15:03,954: WARNING/MainProcess] aync fetched ID: 302741
[2020-07-23 19:15:03,966: WARNING/MainProcess] aync fetched ID: 315602
[2020-07-23 19:15:03,979: WARNING/MainProcess] aync fetched ID: 324194
[2020-07-23 19:15:03,989: WARNING/MainProcess] aync fetched ID: 300695
[2020-07-23 19:15:04,001: WARNING/MainProcess] aync fetched ID: 300412
[2020-07-23 19:15:04,047: WARNING/MainProcess] aync fetched ID: 300250
[2020-07-23 19:15:04,072: WARNING/MainProcess] aync fetched ID: 312565
[2020-07-23 19:15:04,080: WARNING/MainProcess] aync fetched ID: 303194
[2020-07-23 19:15:04,082: WARNING/MainProcess] aync fetched ID: 302505
[2020-07-23 19:15:04,082: WARNING/MainProcess] aync fetched ID: 317496
[2020-07-23 19:15:04,087: WARNING/MainProcess] aync fetched ID: 300120
[2020-07-23 19:15:04,101: WARNING/MainProcess] aync fetched ID: 305746
[2020-07-23 19:15:04,159: WARNING/MainProcess] aync fetched ID: 301251
[2020-07-23 19:15:04,161: WARNING/MainProcess] aync fetched ID: 300620
[2020-07-23 19:15:04,190: WARNING/MainProcess] aync fetched ID: 306054
[2020-07-23 19:15:04,238: WARNING/MainProcess] aync fetched ID: 304995
[2020-07-23 19:15:04,239: WARNING/MainProcess] aync fetched ID: 300662
[2020-07-23 19:15:04,242: WARNING/MainProcess] aync fetched ID: 300407
[2020-07-23 19:15:04,250: WARNING/MainProcess] aync fetched ID: 312376
[2020-07-23 19:15:04,309: WARNING/MainProcess] aync fetched ID: 301840
[2020-07-23 19:15:04,310: WARNING/MainProcess] aync fetched ID: 331189
[2020-07-23 19:15:04,310: WARNING/MainProcess] aync fetched ID: 313577
[2020-07-23 19:15:04,315: WARNING/MainProcess] aync fetched ID: 301422
[2020-07-23 19:15:04,316: WARNING/MainProcess] aync fetched ID: 324092
[2020-07-23 19:15:04,320: WARNING/MainProcess] aync fetched ID: 307959
[2020-07-23 19:15:04,328: WARNING/MainProcess] aync fetched ID: 317320
[2020-07-23 19:15:04,359: WARNING/MainProcess] aync fetched ID: 310318
[2020-07-23 19:15:04,373: WARNING/MainProcess] aync fetched ID: 325300
[2020-07-23 19:15:04,375: WARNING/MainProcess] aync fetched ID: 314054
[2020-07-23 19:15:04,378: WARNING/MainProcess] aync fetched ID: 304755
[2020-07-23 19:15:04,388: WARNING/MainProcess] aync fetched ID: 305801
[2020-07-23 19:15:04,429: WARNING/MainProcess] aync fetched ID: 316889
[2020-07-23 19:15:04,449: WARNING/MainProcess] aync fetched ID: 314589
[2020-07-23 19:15:04,451: WARNING/MainProcess] aync fetched ID: 302793
[2020-07-23 19:15:04,476: WARNING/MainProcess] aync fetched ID: 302732
[2020-07-23 19:15:04,479: WARNING/MainProcess] aync fetched ID: 307630
[2020-07-23 19:15:04,482: WARNING/MainProcess] aync fetched ID: 315248
[2020-07-23 19:15:04,520: WARNING/MainProcess] aync fetched ID: 317856
[2020-07-23 19:15:04,528: WARNING/MainProcess] aync fetched ID: 307650
[2020-07-23 19:15:04,550: WARNING/MainProcess] aync fetched ID: 300021
[2020-07-23 19:15:04,578: WARNING/MainProcess] aync fetched ID: 313322
[2020-07-23 19:15:04,612: WARNING/MainProcess] aync fetched ID: 308903
[2020-07-23 19:15:04,619: WARNING/MainProcess] aync fetched ID: 305525
[2020-07-23 19:15:04,631: WARNING/MainProcess] aync fetched ID: 316066
[2020-07-23 19:15:04,633: WARNING/MainProcess] aync fetched ID: 300270
[2020-07-23 19:15:04,640: WARNING/MainProcess] aync fetched ID: 310471
[2020-07-23 19:15:04,672: WARNING/MainProcess] aync fetched ID: 302744
[2020-07-23 19:15:04,674: WARNING/MainProcess] aync fetched ID: 303274
[2020-07-23 19:15:04,690: WARNING/MainProcess] aync fetched ID: 315329
[2020-07-23 19:15:04,694: WARNING/MainProcess] aync fetched ID: 318779
[2020-07-23 19:15:04,697: WARNING/MainProcess] aync fetched ID: 314522
[2020-07-23 19:15:04,718: WARNING/MainProcess] aync fetched ID: 324879
[2020-07-23 19:15:04,720: WARNING/MainProcess] aync fetched ID: 311059
[2020-07-23 19:15:04,747: WARNING/MainProcess] aync fetched ID: 302395
[2020-07-23 19:15:04,751: WARNING/MainProcess] aync fetched ID: 308456
[2020-07-23 19:15:04,771: WARNING/MainProcess] aync fetched ID: 315712
[2020-07-23 19:15:04,811: WARNING/MainProcess] aync fetched ID: 321101
[2020-07-23 19:15:04,843: WARNING/MainProcess] aync fetched ID: 301021
[2020-07-23 19:15:04,845: WARNING/MainProcess] aync fetched ID: 312997
[2020-07-23 19:15:04,847: WARNING/MainProcess] aync fetched ID: 312765
[2020-07-23 19:15:04,869: WARNING/MainProcess] aync fetched ID: 300456
[2020-07-23 19:15:04,872: WARNING/MainProcess] aync fetched ID: 317878
[2020-07-23 19:15:04,875: WARNING/MainProcess] aync fetched ID: 308296
[2020-07-23 19:15:04,881: WARNING/MainProcess] aync fetched ID: 302992
[2020-07-23 19:15:04,888: WARNING/MainProcess] aync fetched ID: 325545
[2020-07-23 19:15:04,892: WARNING/MainProcess] aync fetched ID: 322068
[2020-07-23 19:15:04,927: WARNING/MainProcess] aync fetched ID: 305767
[2020-07-23 19:15:04,941: WARNING/MainProcess] aync fetched ID: 311322
[2020-07-23 19:15:04,953: WARNING/MainProcess] aync fetched ID: 300673
[2020-07-23 19:15:04,970: WARNING/MainProcess] aync fetched ID: 322361
[2020-07-23 19:15:04,971: WARNING/MainProcess] aync fetched ID: 301128
[2020-07-23 19:15:04,993: WARNING/MainProcess] aync fetched ID: 321862
[2020-07-23 19:15:05,022: WARNING/MainProcess] aync fetched ID: 300204
[2020-07-23 19:15:05,033: WARNING/MainProcess] aync fetched ID: 330665
[2020-07-23 19:15:05,048: WARNING/MainProcess] aync fetched ID: 300405
[2020-07-23 19:15:05,080: WARNING/MainProcess] aync fetched ID: 300395
[2020-07-23 19:15:05,088: WARNING/MainProcess] aync fetched ID: 315131
[2020-07-23 19:15:05,102: WARNING/MainProcess] aync fetched ID: 307846
[2020-07-23 19:15:05,122: WARNING/MainProcess] aync fetched ID: 309981
[2020-07-23 19:15:05,130: WARNING/MainProcess] aync fetched ID: 308039
[2020-07-23 19:15:05,143: WARNING/MainProcess] aync fetched ID: 320079
[2020-07-23 19:15:05,150: WARNING/MainProcess] aync fetched ID: 310559
[2020-07-23 19:15:05,151: WARNING/MainProcess] aync fetched ID: 311380
[2020-07-23 19:15:05,160: WARNING/MainProcess] aync fetched ID: 305181
[2020-07-23 19:15:05,192: WARNING/MainProcess] aync fetched ID: 313310
[2020-07-23 19:15:05,218: WARNING/MainProcess] aync fetched ID: 320082
[2020-07-23 19:15:05,220: WARNING/MainProcess] aync fetched ID: 301236
[2020-07-23 19:15:05,220: WARNING/MainProcess] aync fetched ID: 301512
